-------------------------------------------------------------------------------
Test set: com.formidex.service.FormidexServiceTest
-------------------------------------------------------------------------------
Tests run: 4, Failures: 1, Errors: 0, Skipped: 0, Time elapsed: 11.449 s <<< FAILURE! - in com.formidex.service.FormidexServiceTest
getAverageExchangeRate  Time elapsed: 2.812 s  <<< FAILURE!
org.opentest4j.AssertionFailedError: expected: <200 OK> but was: <404 NOT_FOUND>
	at com.formidex.service.FormidexServiceTest.getAverageExchangeRate(FormidexServiceTest.java:90)

